[00:33:43] [Render thread/INFO] [JMLogger] JourneyMap log initialized.
[00:33:43] [Render thread/INFO] [JourneymapClient] initialize ENTER
[00:33:43] [Render thread/INFO] [ClientAPI] [ClientAPI] built with JourneyMap API 1.9-SNAPSHOT
[00:33:43] [Render thread/INFO] [PluginHelper] Initializing plugins with Client API: journeymap.client.api.impl.ClientAPI
[00:33:43] [Render thread/INFO] [PluginHelper] Initialized IClientPlugin: com.minecolonies.coremod.compatibility.journeymap.JourneymapPlugin
[00:33:43] [Render thread/INFO] [PluginHelper] Initialized IClientPlugin: net.blay09.mods.waystones.compat.JourneyMapAddon
[00:33:43] [Render thread/INFO] [PluginHelper] Initialized IClientPlugin: frankv.jmi.JMIJourneyMapPlugin
[00:33:43] [Render thread/DEBUG] [JourneymapClient] Loading and Generating Journeymap configs
[00:33:43] [Render thread/INFO] [?] Version: JourneyMap 1.19.2-5.9.7, built with forge 1.19.2-43.2.0
forge: 43.3.0
Environment: os.name, os.arch, java.version, user.country, user.language=null, game language=en_us, locale=en_us
Features: 
	RadarPlayers : singleplayer = true , multiplayer = true
	RadarAnimals : singleplayer = true , multiplayer = true
	RadarMobs : singleplayer = true , multiplayer = true
	RadarVillagers : singleplayer = true , multiplayer = true
	MapTopo : singleplayer = true , multiplayer = true
	MapSurface : singleplayer = true , multiplayer = true
	MapCaves : singleplayer = true , multiplayer = true
	MapBiome : singleplayer = true , multiplayer = true
MiniMapProperties{state=Valid, file=journeymap.minimap.config, configVersion=5.9.7, zoomLevel=2, compassFontScale=1.2, terrainAlpha=100, showEntityNames=true, positionX=0.9, positionY=0.25, effectVertical=false, showPlayerHeading=true, sizePercent=26, playerDisplayScale=1.0, showDayNight=true, showPets=true, preferredMapType=night, showCompass=true, mobDisplay=jm.common.entity_display.icons, systemTimeRealFormat=HH:mm:ss, shape=jm.minimap.shape_rectangle, showSelf=true, selfDisplayScale=1.0, showGrid=true, reticleOrientation=jm.minimap.orientation.compass, gameTimeRealFormat=HH:mm:ss, effectTranslateX=-166, showWaypoints=true, minimapKeyMovementSpeed=0.001, showAnimals=true, infoSlotAlpha=0.7, effectTranslateY=0, showWaypointLabels=true, moveEffectIcons=true, position=jm.minimap.position_topright, fontScale=1.25, showPlayers=true, waypointIconScale=1.0, frameAlpha=100, effectReversed=false, backgroundAlpha=0.8, enabled=true, showVillagers=true, info2Label=jm.theme.labelsource.gametime.real, info3Label=jm.theme.labelsource.location, showMobs=true, waypointLabelScale=1.0, showReticle=true, orientation=jm.minimap.orientation.north, info4Label=jm.theme.labelsource.biome, locationFormat=xzyv, playerDisplay=jm.common.entity_display.icons, mobDisplayScale=1.0, showCaves=true, showMobHeading=true, locationFormatVerbose=true, info1Label=jm.theme.labelsource.fps}
MiniMapProperties{state=Valid, file=journeymap.minimap2.config, configVersion=5.9.7, zoomLevel=0, compassFontScale=1.0, terrainAlpha=100, showEntityNames=true, positionX=0.9, positionY=0.25, effectVertical=false, showPlayerHeading=true, sizePercent=30, playerDisplayScale=1.0, showDayNight=true, showPets=true, preferredMapType=day, showCompass=true, mobDisplay=jm.common.entity_display.dots, systemTimeRealFormat=HH:mm:ss, shape=jm.minimap.shape_rectangle, showSelf=true, selfDisplayScale=1.0, showGrid=true, reticleOrientation=jm.minimap.orientation.compass, gameTimeRealFormat=HH:mm:ss, effectTranslateX=-292, showWaypoints=true, minimapKeyMovementSpeed=0.001, showAnimals=true, infoSlotAlpha=0.7, effectTranslateY=0, showWaypointLabels=true, moveEffectIcons=true, position=jm.minimap.position_topright, fontScale=1.0, showPlayers=true, waypointIconScale=1.0, frameAlpha=100, effectReversed=false, backgroundAlpha=0.8, enabled=true, showVillagers=true, info2Label=jm.theme.labelsource.gametime, info3Label=jm.theme.labelsource.location, showMobs=true, waypointLabelScale=1.0, showReticle=true, orientation=jm.minimap.orientation.north, info4Label=jm.theme.labelsource.biome, locationFormat=xzyv, playerDisplay=jm.common.entity_display.dots, mobDisplayScale=1.0, showCaves=true, showMobHeading=true, locationFormatVerbose=true, info1Label=jm.theme.labelsource.blank}
FullMapProperties{state=Valid, file=journeymap.fullmap.config, configVersion=5.9.7, zoomLevel=2, showPlayers=true, waypointIconScale=1.0, showEntityNames=true, showPlayerHeading=true, showVillagers=true, showPlayerLoc=true, showKeys=true, playerDisplayScale=1.0, showMobs=true, showPets=true, waypointLabelScale=1.0, preferredMapType=day, mobDisplay=jm.common.entity_display.icons, showSelf=true, locationFormat=xzyv, playerDisplay=jm.common.entity_display.icons, mobDisplayScale=1.5, selfDisplayScale=1.0, showGrid=true, showMouseLoc=true, showWaypoints=true, showCaves=true, showAnimals=true, dragScale=1, showMobHeading=true, showWaypointLabels=true, locationFormatVerbose=true, fontScale=1.4}
WaypointProperties{state=Valid, file=journeymap.waypoint.config, configVersion=5.9.7, autoRemoveDeathpointDistance=2, dateFormat=MM-dd-yyyy, autoRemoveDeathpoints=true, fullscreenDoubleClickToCreate=true, managerDimensionFocus=false, minDistance=4, boldLabel=false, textureSmall=true, showDeathpointlabel=true, beaconEnabled=true, createDeathpoints=true, showName=true, disableStrikeThrough=false, maxDistance=0, autoHideLabel=true, autoRemoveTempWaypoints=2, teleportCommand=/tp {name} {x} {y} {z}, showStaticBeam=false, shaderBeacon=false, timeFormat=HH:mm:ss, showDeviationLabel=false, showDistance=true, showRotatingBeam=false, fontScale=2.0, showTexture=true, managerEnabled=true}
WebMapProperties{state=Valid, file=journeymap.webmap.config, configVersion=5.9.7, port=8080, enabled=false}
CoreProperties{state=Valid, file=journeymap.core.config, configVersion=5.9.7, verboseColorPalette=false, maxPlayersData=128, mapSurfaceAboveCaves=true, dataCachingEnabled=true, optionsManagerViewed=5.9.7, announceMod=true, colorPassive=#bbbbbb, mapBlendWater=false, renderDistanceSurfaceMax=0, seedId=false, radarVerticalDistance=230, mapBlendGrass=true, recordCacheStats=false, hideSneakingEntities=true, revealShape=jm.minimap.shape_circle, mapBiome=true, alwaysMapSurface=false, colorVillager=#88e188, mapPlants=false, colorPet=#0077ff, radarLateralDistance=285, mapBathymetry=false, mapCrops=true, maxMobsData=128, mapPlantShadows=false, alwaysMapCaves=false, checkUpdates=true, mapBlendFoliage=true, hideSpectators=false, mappingEnabled=true, colorPlayer=#ffffff, tileHighDisplayQuality=true, cacheVillagersData=2200, logLevel=INFO, maxVillagersData=128, mapWaterBiomeColors=false, maxAnimalsData=128, mapTransparency=true, caveBlackAsClear=false, tileRenderType=1, caveIgnoreGlass=true, mapTopography=true, renderDistanceCaveMax=0, mapAntialiasing=true, colorSelf=#0000ff, cachePlayersData=2000, cacheMobsData=3000, cachePlayerData=1000, splashViewed=5.9.7, colorHostile=#ff0000, cacheAnimalsData=3100, themeName=OceanMonument, mapCaveLighting=true, renderDelay=2, glErrorChecking=false, autoMapPoll=2000}
[00:33:43] [Render thread/DEBUG] [ForgeEventHandlerManager] Handler registered: journeymap.client.event.forge.ForgeKeyEvents
[00:33:43] [Render thread/DEBUG] [ForgeEventHandlerManager] Handler registered: journeymap.client.event.forge.ForgeChatEvents
[00:33:43] [Render thread/DEBUG] [ForgeEventHandlerManager] Handler registered: journeymap.client.event.forge.ForgeHudOverlayEvents
[00:33:43] [Render thread/DEBUG] [ForgeEventHandlerManager] Handler registered: journeymap.client.event.forge.ForgeWorldEvent
[00:33:43] [Render thread/DEBUG] [ForgeEventHandlerManager] Handler registered: journeymap.client.event.forge.ForgeChunkEvents
[00:33:43] [Render thread/DEBUG] [ForgeEventHandlerManager] Handler registered: journeymap.client.event.forge.ForgeClientTickEvent
[00:33:43] [Render thread/DEBUG] [ForgeEventHandlerManager] Handler registered: journeymap.client.event.forge.ForgeRenderLevelLastEvent
[00:33:43] [Render thread/DEBUG] [ForgeEventHandlerManager] Handler registered: journeymap.client.event.forge.ForgeLoggedInEvent
[00:33:43] [Render thread/DEBUG] [ForgeEventHandlerManager] Handler registered: journeymap.client.event.forge.ForgeTextureStitchedEvent
[00:33:43] [Render thread/DEBUG] [ForgeEventHandlerManager] Handler registered: journeymap.client.event.forge.ForgePopupCustomEvents
[00:33:43] [Render thread/INFO] [JourneymapClient] initialize EXIT, elapsed count 1 avg 175ms
[00:33:48] [Render thread/INFO] [JourneymapClient] Journeymap PostInit
[00:33:48] [Render thread/DEBUG] [JourneymapClient] postInitialize ENTER
[00:33:48] [Render thread/TRACE] [ThemeLoader] Initializing themes ...
[00:33:48] [Render thread/INFO] [ThemeLoader] Preloaded theme textures: 73
[00:33:48] [Render thread/INFO] [JourneymapClient] postInitialize EXIT, elapsed count 1 avg 282.62ms
[00:36:56] [Netty Client IO #3/INFO] [ForgeConfig] Loading JourneyMap Forge Configs
[00:37:26] [Render thread/INFO] [JourneymapClient] World UID is set to: 3a4f4041-c74f-4f4f-acd0-3d5960d56e97
[00:37:32] [Render thread/INFO] [ModBlockDelegate] Custom modded block handling enabled for biomesoplenty
[00:37:32] [Render thread/INFO] [WaypointStore] Loaded 0 waypoints from F:\Minecraft\Curseforge\Instances\1.19.2-FFCM-C-3.0.0-rc10\journeymap\data\mp\Fiction~Friction~Stable_3a4f4041~c74f~4f4f~acd0~3d5960d56e97\waypoints
[00:37:32] [Render thread/INFO] [JourneymapClient] Mapping started in F:\Minecraft\Curseforge\Instances\1.19.2-FFCM-C-3.0.0-rc10\journeymap\data\mp\Fiction~Friction~Stable_3a4f4041~c74f~4f4f~acd0~3d5960d56e97\overworld. Memory: 5472MB total, 969MB free 
[00:37:46] [Render thread/WARN] [JMLogger] Can't get entityTexture for cobblemon:textures/entity_icon/budew.png
[00:37:46] [Render thread/WARN] [JMLogger] Can't get entityTexture for kingdomkeys:textures/entity_icon/mob/moogle.png
[00:37:46] [Render thread/WARN] [JMLogger] Can't get entityTexture for farmingforblockheads:textures/entity_icon/merchant.png
[00:37:46] [Render thread/WARN] [JMLogger] Can't get entityTexture for cobblemon:textures/entity_icon/flabebe.png
[00:37:46] [Render thread/WARN] [JMLogger] Can't get entityTexture for cobblemon:textures/entity_icon/pelipper.png
[00:37:46] [Render thread/WARN] [JMLogger] Can't get entityTexture for cobblemon:textures/entity_icon/spinarak.png
[00:37:46] [Render thread/WARN] [JMLogger] Can't get entityTexture for hmag:textures/entity_icon/ghost/ghost_4.png
[00:37:46] [Render thread/WARN] [JMLogger] Can't get entityTexture for hmag:textures/entity_icon/zombie_girl.png
[00:37:46] [Render thread/WARN] [JMLogger] Can't get entityTexture for hmag:textures/entity_icon/creeper_girl/creeper_girl_2.png
[00:37:46] [Render thread/WARN] [JMLogger] Can't get entityTexture for hmag:textures/entity_icon/ghost/ghost_1.png
[00:37:46] [Render thread/WARN] [JMLogger] Can't get entityTexture for hmag:textures/entity_icon/skeleton_girl.png
[00:37:46] [Render thread/WARN] [JMLogger] Can't get entityTexture for hmag:textures/entity_icon/kobold.png
[00:37:47] [Render thread/INFO] [ChatLog] JourneyMap: Press [M]
[00:37:54] [Render thread/WARN] [JMLogger] Can't get entityTexture for cobblemon:textures/entity_icon/hoppip.png
[00:37:54] [Render thread/WARN] [JMLogger] Can't get entityTexture for cobblemon:textures/entity_icon/bunnelby.png
[00:37:54] [Render thread/WARN] [JMLogger] Can't get entityTexture for cobblemon:textures/entity_icon/mareep.png
[00:37:54] [Render thread/WARN] [JMLogger] Can't get entityTexture for cobblemon:textures/entity_icon/wurmple.png
[00:37:54] [Render thread/WARN] [JMLogger] Can't get entityTexture for cobblemon:textures/entity_icon/spoink.png
[00:37:54] [Render thread/WARN] [JMLogger] Can't get entityTexture for cobblemon:textures/entity_icon/sentret.png
[00:37:54] [Render thread/WARN] [JMLogger] Can't get entityTexture for hmag:textures/entity_icon/creeper_girl/creeper_girl_1.png
[00:37:54] [Render thread/WARN] [JMLogger] Can't get entityTexture for hmag:textures/entity_icon/dogu.png
[00:37:54] [Render thread/WARN] [JMLogger] Can't get entityTexture for hmag:textures/entity_icon/dullahan.png
[00:37:54] [Render thread/WARN] [JMLogger] Can't get entityTexture for hmag:textures/entity_icon/ghost/ghost_0.png
[00:37:54] [Render thread/WARN] [JMLogger] Can't get entityTexture for hmag:textures/entity_icon/creeper_girl/creeper_girl_0.png
[00:38:00] [Render thread/WARN] [JMLogger] Can't get entityTexture for cobblemon:textures/entity_icon/ledyba.png
[00:38:00] [Render thread/WARN] [JMLogger] Can't get entityTexture for cobblemon:textures/entity_icon/pidove.png
[00:38:00] [Render thread/WARN] [JMLogger] Can't get entityTexture for hmag:textures/entity_icon/dodomeki.png
[00:38:00] [Render thread/WARN] [JMLogger] Can't get entityTexture for hmag:textures/entity_icon/ghost/ghost_2.png
[00:38:00] [Render thread/WARN] [JMLogger] Can't get entityTexture for hmag:textures/entity_icon/ghost/ghost_3.png
[00:38:06] [Render thread/WARN] [JMLogger] Can't get entityTexture for cobblemon:textures/entity_icon/poochyena.png
[00:38:06] [Render thread/WARN] [JMLogger] Can't get entityTexture for cobblemon:textures/entity_icon/skiddo.png
[00:38:06] [Render thread/WARN] [JMLogger] Can't get entityTexture for hmag:textures/entity_icon/banshee/banshee_0.png
[00:38:18] [Render thread/WARN] [JMLogger] Can't get entityTexture for cobblemon:textures/entity_icon/beautifly.png
[00:38:28] [Render thread/WARN] [JMLogger] Can't get entityTexture for cobblemon:textures/entity_icon/linoone.png
[00:38:53] [Render thread/WARN] [JMLogger] Can't get entityTexture for hmag:textures/entity_icon/slime_girl/slime_girl.png
[00:39:45] [Render thread/WARN] [JMLogger] Can't get entityTexture for cobblemon:textures/entity_icon/rookidee.png
[00:39:45] [Render thread/WARN] [JMLogger] Can't get entityTexture for hmag:textures/entity_icon/harpy/harpy_3.png
[00:39:49] [Render thread/WARN] [JMLogger] Can't get entityTexture for cobblemon:textures/entity_icon/hawlucha.png
[00:39:53] [Render thread/WARN] [JMLogger] Can't get entityTexture for cobblemon:textures/entity_icon/yungoos.png
[00:40:26] [Render thread/WARN] [JMLogger] Can't get entityTexture for cobblemon:textures/entity_icon/zigzagoon.png
[00:40:26] [Render thread/WARN] [JMLogger] Can't get entityTexture for hmag:textures/entity_icon/skeleton_girl.png
[00:40:26] [Render thread/WARN] [JMLogger] Can't get entityTexture for hmag:textures/entity_icon/zombie_girl.png
[00:40:26] [Render thread/WARN] [JMLogger] Can't get entityTexture for hmag:textures/entity_icon/creeper_girl/creeper_girl_1.png
[00:40:26] [Render thread/WARN] [JMLogger] Can't get entityTexture for hmag:textures/entity_icon/creeper_girl/creeper_girl_0.png
[00:40:26] [Render thread/WARN] [JMLogger] Can't get entityTexture for hmag:textures/entity_icon/dodomeki.png
[00:40:31] [Render thread/WARN] [JMLogger] Can't get entityTexture for farmingforblockheads:textures/entity_icon/merchant.png
[00:40:31] [Render thread/WARN] [JMLogger] Can't get entityTexture for cobblemon:textures/entity_icon/bunnelby.png
[00:40:31] [Render thread/WARN] [JMLogger] Can't get entityTexture for cobblemon:textures/entity_icon/spoink.png
[00:40:31] [Render thread/WARN] [JMLogger] Can't get entityTexture for cobblemon:textures/entity_icon/sentret.png
[00:40:31] [Render thread/WARN] [JMLogger] Can't get entityTexture for cobblemon:textures/entity_icon/pidove.png
[00:40:31] [Render thread/WARN] [JMLogger] Can't get entityTexture for cobblemon:textures/entity_icon/poochyena.png
[00:40:31] [Render thread/WARN] [JMLogger] Can't get entityTexture for cobblemon:textures/entity_icon/ledyba.png
[00:40:31] [Render thread/WARN] [JMLogger] Can't get entityTexture for kingdomkeys:textures/entity_icon/mob/moogle.png
[00:40:31] [Render thread/WARN] [JMLogger] Can't get entityTexture for cobblemon:textures/entity_icon/mareep.png
[00:40:31] [Render thread/WARN] [JMLogger] Can't get entityTexture for cobblemon:textures/entity_icon/linoone.png
[00:40:31] [Render thread/WARN] [JMLogger] Can't get entityTexture for cobblemon:textures/entity_icon/rookidee.png
[00:40:31] [Render thread/WARN] [JMLogger] Can't get entityTexture for cobblemon:textures/entity_icon/hawlucha.png
[00:40:31] [Render thread/WARN] [JMLogger] Can't get entityTexture for cobblemon:textures/entity_icon/zigzagoon.png
[00:40:31] [Render thread/WARN] [JMLogger] Can't get entityTexture for cobblemon:textures/entity_icon/corvisquire.png
[00:40:31] [Render thread/WARN] [JMLogger] Can't get entityTexture for hmag:textures/entity_icon/creeper_girl/creeper_girl_2.png
[00:40:44] [Render thread/WARN] [JMLogger] Can't get entityTexture for cobblemon:textures/entity_icon/hoppip.png
[00:40:48] [Render thread/WARN] [JMLogger] Can't get entityTexture for hmag:textures/entity_icon/ghost/ghost_1.png
[00:40:52] [Render thread/WARN] [JMLogger] Can't get entityTexture for hmag:textures/entity_icon/hornet.png
[00:41:05] [Render thread/WARN] [JMLogger] Can't get entityTexture for cobblemon:textures/entity_icon/yungoos.png
[00:41:13] [Render thread/WARN] [JMLogger] Can't get entityTexture for cobblemon:textures/entity_icon/dedenne.png
[00:41:36] [Render thread/WARN] [JMLogger] Can't get entityTexture for cobblemon:textures/entity_icon/skitty.png
[00:41:36] [Render thread/WARN] [JMLogger] Can't get entityTexture for cobblemon:textures/entity_icon/patrat.png
[00:41:36] [Render thread/WARN] [JMLogger] Can't get entityTexture for hmag:textures/entity_icon/banshee/banshee_1.png
[00:41:36] [Render thread/WARN] [JMLogger] Can't get entityTexture for hmag:textures/entity_icon/ghost/ghost_0.png
[00:41:36] [Render thread/WARN] [JMLogger] Can't get entityTexture for hmag:textures/entity_icon/ghost/ghost_2.png
[00:41:40] [Render thread/WARN] [JMLogger] Can't get entityTexture for cobblemon:textures/entity_icon/audino.png
[00:41:51] [Render thread/WARN] [JMLogger] Can't get entityTexture for hmag:textures/entity_icon/ghost/ghost_3.png
[00:41:53] [Render thread/WARN] [JMLogger] Can't get entityTexture for cobblemon:textures/entity_icon/beldum.png
[00:42:07] [Render thread/WARN] [JMLogger] Can't get entityTexture for hmag:textures/entity_icon/slime_girl/slime_girl.png
[00:42:13] [Render thread/INFO] [JourneymapClient] Mapping halted in F:\Minecraft\Curseforge\Instances\1.19.2-FFCM-C-3.0.0-rc10\journeymap\data\mp\Fiction~Friction~Stable_3a4f4041~c74f~4f4f~acd0~3d5960d56e97\minecraft:overworld
[00:42:14] [Render thread/INFO] [WaypointStore] Loaded 0 waypoints from F:\Minecraft\Curseforge\Instances\1.19.2-FFCM-C-3.0.0-rc10\journeymap\data\mp\Fiction~Friction~Stable_3a4f4041~c74f~4f4f~acd0~3d5960d56e97\waypoints
[00:42:14] [Render thread/INFO] [JourneymapClient] Mapping started in F:\Minecraft\Curseforge\Instances\1.19.2-FFCM-C-3.0.0-rc10\journeymap\data\mp\Fiction~Friction~Stable_3a4f4041~c74f~4f4f~acd0~3d5960d56e97\nomadictents~b8a0fe63~4cff~4bdb~8988~b4835230966d. Memory: 5472MB total, 1779MB free 
[00:42:14] [JM-task-5/WARN] [BaseRenderer] Bad block at 0,0,0. Total bad blocks: 1
[00:42:39] [Render thread/INFO] [JourneymapClient] Mapping halted in F:\Minecraft\Curseforge\Instances\1.19.2-FFCM-C-3.0.0-rc10\journeymap\data\mp\Fiction~Friction~Stable_3a4f4041~c74f~4f4f~acd0~3d5960d56e97\nomadictents:b8a0fe63-4cff-4bdb-8988-b4835230966d
[00:42:40] [Render thread/INFO] [WaypointStore] Loaded 0 waypoints from F:\Minecraft\Curseforge\Instances\1.19.2-FFCM-C-3.0.0-rc10\journeymap\data\mp\Fiction~Friction~Stable_3a4f4041~c74f~4f4f~acd0~3d5960d56e97\waypoints
[00:42:40] [Render thread/INFO] [JourneymapClient] Mapping started in F:\Minecraft\Curseforge\Instances\1.19.2-FFCM-C-3.0.0-rc10\journeymap\data\mp\Fiction~Friction~Stable_3a4f4041~c74f~4f4f~acd0~3d5960d56e97\compactmachines~compact_world. Memory: 5472MB total, 1147MB free 
[00:46:04] [Render thread/INFO] [JourneymapClient] Mapping halted in F:\Minecraft\Curseforge\Instances\1.19.2-FFCM-C-3.0.0-rc10\journeymap\data\mp\Fiction~Friction~Stable_3a4f4041~c74f~4f4f~acd0~3d5960d56e97\compactmachines:compact_world
[00:46:05] [Render thread/INFO] [WaypointStore] Loaded 0 waypoints from F:\Minecraft\Curseforge\Instances\1.19.2-FFCM-C-3.0.0-rc10\journeymap\data\mp\Fiction~Friction~Stable_3a4f4041~c74f~4f4f~acd0~3d5960d56e97\waypoints
[00:46:05] [Render thread/INFO] [JourneymapClient] Mapping started in F:\Minecraft\Curseforge\Instances\1.19.2-FFCM-C-3.0.0-rc10\journeymap\data\mp\Fiction~Friction~Stable_3a4f4041~c74f~4f4f~acd0~3d5960d56e97\nomadictents~b8a0fe63~4cff~4bdb~8988~b4835230966d. Memory: 5472MB total, 1741MB free 
[00:46:10] [Render thread/INFO] [JourneymapClient] Mapping halted in F:\Minecraft\Curseforge\Instances\1.19.2-FFCM-C-3.0.0-rc10\journeymap\data\mp\Fiction~Friction~Stable_3a4f4041~c74f~4f4f~acd0~3d5960d56e97\nomadictents:b8a0fe63-4cff-4bdb-8988-b4835230966d
[00:46:11] [Render thread/INFO] [WaypointStore] Loaded 0 waypoints from F:\Minecraft\Curseforge\Instances\1.19.2-FFCM-C-3.0.0-rc10\journeymap\data\mp\Fiction~Friction~Stable_3a4f4041~c74f~4f4f~acd0~3d5960d56e97\waypoints
[00:46:11] [Render thread/INFO] [JourneymapClient] Mapping started in F:\Minecraft\Curseforge\Instances\1.19.2-FFCM-C-3.0.0-rc10\journeymap\data\mp\Fiction~Friction~Stable_3a4f4041~c74f~4f4f~acd0~3d5960d56e97\overworld. Memory: 5472MB total, 1429MB free 
[00:46:12] [Render thread/WARN] [JMLogger] Can't get entityTexture for cobblemon:textures/entity_icon/excadrill.png
[00:46:12] [Render thread/WARN] [JMLogger] Can't get entityTexture for hmag:textures/entity_icon/dogu.png
[00:47:13] [Render thread/WARN] [JMLogger] Can't get entityTexture for cobblemon:textures/entity_icon/spinarak.png
[00:47:13] [Render thread/WARN] [JMLogger] Can't get entityTexture for cobblemon:textures/entity_icon/medicham.png
[00:47:13] [Render thread/WARN] [JMLogger] Can't get entityTexture for hmag:textures/entity_icon/ender_executor/ender_executor.png
[00:47:19] [Render thread/WARN] [JMLogger] Can't get entityTexture for hmag:textures/entity_icon/zombie_girl.png
[00:47:19] [Render thread/WARN] [JMLogger] Can't get entityTexture for hmag:textures/entity_icon/skeleton_girl.png
[00:47:19] [Render thread/WARN] [JMLogger] Can't get entityTexture for hmag:textures/entity_icon/creeper_girl/creeper_girl_0.png
[00:47:19] [Render thread/WARN] [JMLogger] Can't get entityTexture for hmag:textures/entity_icon/ender_executor/ender_executor.png
[00:47:19] [Render thread/WARN] [JMLogger] Can't get entityTexture for hmag:textures/entity_icon/creeper_girl/creeper_girl_2.png
[00:47:19] [Render thread/WARN] [JMLogger] Can't get entityTexture for hmag:textures/entity_icon/banshee/banshee_1.png
[00:47:19] [Render thread/WARN] [JMLogger] Can't get entityTexture for hmag:textures/entity_icon/creeper_girl/creeper_girl_1.png
[00:47:19] [Render thread/WARN] [JMLogger] Can't get entityTexture for hmag:textures/entity_icon/dogu.png
[00:47:19] [Render thread/WARN] [JMLogger] Can't get entityTexture for hmag:textures/entity_icon/ghost/ghost_3.png
[00:47:19] [Render thread/WARN] [JMLogger] Can't get entityTexture for hmag:textures/entity_icon/ghost/ghost_4.png
[00:47:24] [Render thread/WARN] [JMLogger] Can't get entityTexture for cobblemon:textures/entity_icon/mareep.png
[00:47:24] [Render thread/WARN] [JMLogger] Can't get entityTexture for cobblemon:textures/entity_icon/pidove.png
[00:47:24] [Render thread/WARN] [JMLogger] Can't get entityTexture for cobblemon:textures/entity_icon/excadrill.png
[00:47:24] [Render thread/WARN] [JMLogger] Can't get entityTexture for cobblemon:textures/entity_icon/bunnelby.png
[00:47:24] [Render thread/WARN] [JMLogger] Can't get entityTexture for farmingforblockheads:textures/entity_icon/merchant.png
[00:47:24] [Render thread/WARN] [JMLogger] Can't get entityTexture for kingdomkeys:textures/entity_icon/mob/moogle.png
[00:47:24] [Render thread/WARN] [JMLogger] Can't get entityTexture for cobblemon:textures/entity_icon/ledyba.png
[00:47:24] [Render thread/WARN] [JMLogger] Can't get entityTexture for cobblemon:textures/entity_icon/spinarak.png
[00:47:24] [Render thread/WARN] [JMLogger] Can't get entityTexture for cobblemon:textures/entity_icon/rookidee.png
[00:47:24] [Render thread/WARN] [JMLogger] Can't get entityTexture for cobblemon:textures/entity_icon/medicham.png
[00:47:41] [Render thread/WARN] [JMLogger] Can't get entityTexture for hmag:textures/entity_icon/ghost/ghost_0.png
[00:47:48] [Render thread/WARN] [JMLogger] Can't get entityTexture for cobblemon:textures/entity_icon/beautifly.png
[00:47:48] [Render thread/WARN] [JMLogger] Can't get entityTexture for hmag:textures/entity_icon/banshee/banshee_0.png
[00:49:03] [Render thread/WARN] [JMLogger] Can't get entityTexture for cobblemon:textures/entity_icon/medicham.png
[00:49:03] [Render thread/WARN] [JMLogger] Can't get entityTexture for kingdomkeys:textures/entity_icon/mob/moogle.png
[00:49:03] [Render thread/WARN] [JMLogger] Can't get entityTexture for cobblemon:textures/entity_icon/yungoos.png
[00:49:03] [Render thread/WARN] [JMLogger] Can't get entityTexture for hmag:textures/entity_icon/ghost/ghost_0.png
[00:49:03] [Render thread/WARN] [JMLogger] Can't get entityTexture for hmag:textures/entity_icon/zombie_girl.png
[00:49:03] [Render thread/WARN] [JMLogger] Can't get entityTexture for hmag:textures/entity_icon/creeper_girl/creeper_girl_1.png
[00:49:03] [Render thread/WARN] [JMLogger] Can't get entityTexture for hmag:textures/entity_icon/creeper_girl/creeper_girl_0.png
[00:49:03] [Render thread/WARN] [JMLogger] Can't get entityTexture for hmag:textures/entity_icon/skeleton_girl.png
[00:49:03] [Render thread/WARN] [JMLogger] Can't get entityTexture for hmag:textures/entity_icon/dogu.png
[00:49:06] [Render thread/WARN] [JMLogger] Can't get entityTexture for farmingforblockheads:textures/entity_icon/merchant.png
[00:49:06] [Render thread/WARN] [JMLogger] Can't get entityTexture for cobblemon:textures/entity_icon/spinarak.png
[00:49:10] [Render thread/WARN] [JMLogger] Can't get entityTexture for cobblemon:textures/entity_icon/flabebe.png
[00:49:10] [Render thread/WARN] [JMLogger] Can't get entityTexture for hmag:textures/entity_icon/creeper_girl/creeper_girl_2.png
[00:49:18] [Render thread/WARN] [JMLogger] Can't get entityTexture for cobblemon:textures/entity_icon/pidove.png
[00:49:21] [Render thread/WARN] [JMLogger] Can't get entityTexture for cobblemon:textures/entity_icon/bunnelby.png
[00:49:24] [Render thread/INFO] [JourneymapClient] Mapping halted in F:\Minecraft\Curseforge\Instances\1.19.2-FFCM-C-3.0.0-rc10\journeymap\data\mp\Fiction~Friction~Stable_3a4f4041~c74f~4f4f~acd0~3d5960d56e97\minecraft:overworld
[00:49:25] [Render thread/INFO] [WaypointStore] Loaded 0 waypoints from F:\Minecraft\Curseforge\Instances\1.19.2-FFCM-C-3.0.0-rc10\journeymap\data\mp\Fiction~Friction~Stable_3a4f4041~c74f~4f4f~acd0~3d5960d56e97\waypoints
[00:49:25] [Render thread/INFO] [JourneymapClient] Mapping started in F:\Minecraft\Curseforge\Instances\1.19.2-FFCM-C-3.0.0-rc10\journeymap\data\mp\Fiction~Friction~Stable_3a4f4041~c74f~4f4f~acd0~3d5960d56e97\nomadictents~b8a0fe63~4cff~4bdb~8988~b4835230966d. Memory: 5472MB total, 993MB free 
[00:50:01] [Render thread/INFO] [JourneymapClient] Mapping halted in F:\Minecraft\Curseforge\Instances\1.19.2-FFCM-C-3.0.0-rc10\journeymap\data\mp\Fiction~Friction~Stable_3a4f4041~c74f~4f4f~acd0~3d5960d56e97\nomadictents:b8a0fe63-4cff-4bdb-8988-b4835230966d
[00:50:02] [Render thread/INFO] [WaypointStore] Loaded 0 waypoints from F:\Minecraft\Curseforge\Instances\1.19.2-FFCM-C-3.0.0-rc10\journeymap\data\mp\Fiction~Friction~Stable_3a4f4041~c74f~4f4f~acd0~3d5960d56e97\waypoints
[00:50:02] [Render thread/INFO] [JourneymapClient] Mapping started in F:\Minecraft\Curseforge\Instances\1.19.2-FFCM-C-3.0.0-rc10\journeymap\data\mp\Fiction~Friction~Stable_3a4f4041~c74f~4f4f~acd0~3d5960d56e97\compactmachines~compact_world. Memory: 5472MB total, 1533MB free 
[00:55:20] [Render thread/INFO] [JourneymapClient] Mapping halted in F:\Minecraft\Curseforge\Instances\1.19.2-FFCM-C-3.0.0-rc10\journeymap\data\mp\Fiction~Friction~Stable_3a4f4041~c74f~4f4f~acd0~3d5960d56e97\compactmachines:compact_world
[00:55:21] [Render thread/INFO] [WaypointStore] Loaded 0 waypoints from F:\Minecraft\Curseforge\Instances\1.19.2-FFCM-C-3.0.0-rc10\journeymap\data\mp\Fiction~Friction~Stable_3a4f4041~c74f~4f4f~acd0~3d5960d56e97\waypoints
[00:55:21] [Render thread/INFO] [JourneymapClient] Mapping started in F:\Minecraft\Curseforge\Instances\1.19.2-FFCM-C-3.0.0-rc10\journeymap\data\mp\Fiction~Friction~Stable_3a4f4041~c74f~4f4f~acd0~3d5960d56e97\nomadictents~b8a0fe63~4cff~4bdb~8988~b4835230966d. Memory: 5472MB total, 1466MB free 
[00:55:50] [Render thread/INFO] [JourneymapClient] Mapping halted in F:\Minecraft\Curseforge\Instances\1.19.2-FFCM-C-3.0.0-rc10\journeymap\data\mp\Fiction~Friction~Stable_3a4f4041~c74f~4f4f~acd0~3d5960d56e97\nomadictents:b8a0fe63-4cff-4bdb-8988-b4835230966d
[00:55:52] [Render thread/INFO] [WaypointStore] Loaded 0 waypoints from F:\Minecraft\Curseforge\Instances\1.19.2-FFCM-C-3.0.0-rc10\journeymap\data\mp\Fiction~Friction~Stable_3a4f4041~c74f~4f4f~acd0~3d5960d56e97\waypoints
[00:55:52] [Render thread/INFO] [JourneymapClient] Mapping started in F:\Minecraft\Curseforge\Instances\1.19.2-FFCM-C-3.0.0-rc10\journeymap\data\mp\Fiction~Friction~Stable_3a4f4041~c74f~4f4f~acd0~3d5960d56e97\compactmachines~compact_world. Memory: 5472MB total, 677MB free 
[00:56:33] [Render thread/INFO] [JourneymapClient] Mapping halted in F:\Minecraft\Curseforge\Instances\1.19.2-FFCM-C-3.0.0-rc10\journeymap\data\mp\Fiction~Friction~Stable_3a4f4041~c74f~4f4f~acd0~3d5960d56e97\compactmachines:compact_world
[00:56:35] [Render thread/INFO] [WaypointStore] Loaded 0 waypoints from F:\Minecraft\Curseforge\Instances\1.19.2-FFCM-C-3.0.0-rc10\journeymap\data\mp\Fiction~Friction~Stable_3a4f4041~c74f~4f4f~acd0~3d5960d56e97\waypoints
[00:56:35] [Render thread/INFO] [JourneymapClient] Mapping started in F:\Minecraft\Curseforge\Instances\1.19.2-FFCM-C-3.0.0-rc10\journeymap\data\mp\Fiction~Friction~Stable_3a4f4041~c74f~4f4f~acd0~3d5960d56e97\nomadictents~b8a0fe63~4cff~4bdb~8988~b4835230966d. Memory: 5472MB total, 904MB free 
[00:56:44] [Render thread/INFO] [JourneymapClient] Mapping halted in F:\Minecraft\Curseforge\Instances\1.19.2-FFCM-C-3.0.0-rc10\journeymap\data\mp\Fiction~Friction~Stable_3a4f4041~c74f~4f4f~acd0~3d5960d56e97\nomadictents:b8a0fe63-4cff-4bdb-8988-b4835230966d
[00:56:45] [Render thread/INFO] [WaypointStore] Loaded 0 waypoints from F:\Minecraft\Curseforge\Instances\1.19.2-FFCM-C-3.0.0-rc10\journeymap\data\mp\Fiction~Friction~Stable_3a4f4041~c74f~4f4f~acd0~3d5960d56e97\waypoints
[00:56:45] [Render thread/INFO] [JourneymapClient] Mapping started in F:\Minecraft\Curseforge\Instances\1.19.2-FFCM-C-3.0.0-rc10\journeymap\data\mp\Fiction~Friction~Stable_3a4f4041~c74f~4f4f~acd0~3d5960d56e97\overworld. Memory: 5472MB total, 695MB free 
[00:56:46] [Render thread/WARN] [JMLogger] Can't get entityTexture for hmag:textures/entity_icon/banshee/banshee_0.png
[00:56:46] [Render thread/WARN] [JMLogger] Can't get entityTexture for hmag:textures/entity_icon/hornet.png
[00:56:49] [Render thread/WARN] [JMLogger] Can't get entityTexture for cobblemon:textures/entity_icon/zigzagoon.png
[00:56:49] [Render thread/WARN] [JMLogger] Can't get entityTexture for cobblemon:textures/entity_icon/electrike.png
[00:56:52] [Render thread/WARN] [JMLogger] Can't get entityTexture for cobblemon:textures/entity_icon/sentret.png
[00:56:56] [Render thread/WARN] [JMLogger] Can't get entityTexture for cobblemon:textures/entity_icon/ledyba.png
[00:57:16] [Render thread/WARN] [JMLogger] Can't get entityTexture for cobblemon:textures/entity_icon/taillow.png
[00:57:23] [Render thread/WARN] [JMLogger] Can't get entityTexture for cobblemon:textures/entity_icon/herdier.png
[00:57:38] [Render thread/WARN] [JMLogger] Can't get entityTexture for hmag:textures/entity_icon/dullahan.png
[00:57:47] [Render thread/WARN] [JMLogger] Can't get entityTexture for hmag:textures/entity_icon/ghost/ghost_3.png
[00:57:56] [Render thread/WARN] [JMLogger] Can't get entityTexture for cobblemon:textures/entity_icon/spinarak.png
[00:57:56] [Render thread/WARN] [JMLogger] Can't get entityTexture for kingdomkeys:textures/entity_icon/mob/moogle.png
[00:57:56] [Render thread/WARN] [JMLogger] Can't get entityTexture for hmag:textures/entity_icon/ghost/ghost_0.png
[00:57:56] [Render thread/WARN] [JMLogger] Can't get entityTexture for hmag:textures/entity_icon/skeleton_girl.png
[00:57:56] [Render thread/WARN] [JMLogger] Can't get entityTexture for hmag:textures/entity_icon/zombie_girl.png
[00:57:56] [Render thread/WARN] [JMLogger] Can't get entityTexture for hmag:textures/entity_icon/creeper_girl/creeper_girl_2.png
[00:57:56] [Render thread/WARN] [JMLogger] Can't get entityTexture for hmag:textures/entity_icon/dullahan.png
[00:57:56] [Render thread/WARN] [JMLogger] Can't get entityTexture for hmag:textures/entity_icon/ghost/ghost_3.png
[00:57:56] [Render thread/WARN] [JMLogger] Can't get entityTexture for hmag:textures/entity_icon/creeper_girl/creeper_girl_0.png
[00:57:56] [Render thread/WARN] [JMLogger] Can't get entityTexture for hmag:textures/entity_icon/creeper_girl/creeper_girl_1.png
[00:58:02] [Render thread/WARN] [JMLogger] Can't get entityTexture for farmingforblockheads:textures/entity_icon/merchant.png
[00:58:02] [Render thread/WARN] [JMLogger] Can't get entityTexture for cobblemon:textures/entity_icon/bunnelby.png
[00:58:02] [Render thread/WARN] [JMLogger] Can't get entityTexture for cobblemon:textures/entity_icon/zigzagoon.png
[00:58:02] [Render thread/WARN] [JMLogger] Can't get entityTexture for cobblemon:textures/entity_icon/electrike.png
[00:58:02] [Render thread/WARN] [JMLogger] Can't get entityTexture for cobblemon:textures/entity_icon/pidove.png
[00:58:02] [Render thread/WARN] [JMLogger] Can't get entityTexture for cobblemon:textures/entity_icon/ledyba.png
[00:58:02] [Render thread/WARN] [JMLogger] Can't get entityTexture for cobblemon:textures/entity_icon/yungoos.png
[00:58:02] [Render thread/WARN] [JMLogger] Can't get entityTexture for cobblemon:textures/entity_icon/herdier.png
[00:58:02] [Render thread/WARN] [JMLogger] Can't get entityTexture for cobblemon:textures/entity_icon/roggenrola.png
[00:58:02] [Render thread/WARN] [JMLogger] Can't get entityTexture for hmag:textures/entity_icon/ghost/ghost_2.png
[00:58:06] [Render thread/WARN] [JMLogger] Can't get entityTexture for hmag:textures/entity_icon/dodomeki.png
[00:58:14] [Render thread/WARN] [JMLogger] Can't get entityTexture for cobblemon:textures/entity_icon/wurmple.png
[00:58:40] [Render thread/WARN] [JMLogger] Can't get entityTexture for cobblemon:textures/entity_icon/hoppip.png
[00:58:40] [Render thread/WARN] [JMLogger] Can't get entityTexture for hmag:textures/entity_icon/slime_girl/slime_girl.png
[00:58:48] [Render thread/WARN] [JMLogger] Can't get entityTexture for cobblemon:textures/entity_icon/audino.png
[00:58:51] [Render thread/WARN] [JMLogger] Can't get entityTexture for cobblemon:textures/entity_icon/spoink.png
[00:59:00] [Render thread/WARN] [JMLogger] Can't get entityTexture for cobblemon:textures/entity_icon/mightyena.png
[00:59:00] [Render thread/WARN] [JMLogger] Can't get entityTexture for hmag:textures/entity_icon/banshee/banshee_0.png
[00:59:00] [Render thread/WARN] [JMLogger] Can't get entityTexture for hmag:textures/entity_icon/hornet.png
[00:59:57] [Render thread/WARN] [JMLogger] Can't get entityTexture for cobblemon:textures/entity_icon/rookidee.png
[00:59:57] [Render thread/WARN] [JMLogger] Can't get entityTexture for cobblemon:textures/entity_icon/sentret.png
[00:59:57] [Render thread/WARN] [JMLogger] Can't get entityTexture for cobblemon:textures/entity_icon/poochyena.png
[00:59:57] [Render thread/WARN] [JMLogger] Can't get entityTexture for cobblemon:textures/entity_icon/venipede.png
[00:59:57] [Render thread/WARN] [JMLogger] Can't get entityTexture for hmag:textures/entity_icon/harpy/harpy_4.png
[01:00:04] [Render thread/WARN] [JMLogger] Can't get entityTexture for hmag:textures/entity_icon/catoblepas.png
[01:00:08] [Render thread/WARN] [JMLogger] Can't get entityTexture for cobblemon:textures/entity_icon/beautifly.png
[01:00:08] [Render thread/WARN] [JMLogger] Can't get entityTexture for hmag:textures/entity_icon/dogu.png
[01:00:58] [Render thread/WARN] [JMLogger] Can't get entityTexture for cobblemon:textures/entity_icon/ledyba.png
[01:00:58] [Render thread/WARN] [JMLogger] Can't get entityTexture for kingdomkeys:textures/entity_icon/mob/moogle.png
[01:00:58] [Render thread/WARN] [JMLogger] Can't get entityTexture for cobblemon:textures/entity_icon/pidove.png
[01:00:58] [Render thread/WARN] [JMLogger] Can't get entityTexture for cobblemon:textures/entity_icon/spinarak.png
[01:00:58] [Render thread/WARN] [JMLogger] Can't get entityTexture for cobblemon:textures/entity_icon/gumshoos.png
[01:00:58] [Render thread/WARN] [JMLogger] Can't get entityTexture for cobblemon:textures/entity_icon/bunnelby.png
[01:00:58] [Render thread/WARN] [JMLogger] Can't get entityTexture for hmag:textures/entity_icon/creeper_girl/creeper_girl_1.png
[01:00:58] [Render thread/WARN] [JMLogger] Can't get entityTexture for hmag:textures/entity_icon/ghost/ghost_0.png
[01:00:58] [Render thread/WARN] [JMLogger] Can't get entityTexture for hmag:textures/entity_icon/skeleton_girl.png
[01:00:58] [Render thread/WARN] [JMLogger] Can't get entityTexture for hmag:textures/entity_icon/dodomeki.png
[01:00:58] [Render thread/WARN] [JMLogger] Can't get entityTexture for hmag:textures/entity_icon/slime_girl/slime_girl.png
[01:00:58] [Render thread/WARN] [JMLogger] Can't get entityTexture for hmag:textures/entity_icon/catoblepas.png
[01:00:58] [Render thread/WARN] [JMLogger] Can't get entityTexture for hmag:textures/entity_icon/zombie_girl.png
[01:00:58] [Render thread/WARN] [JMLogger] Can't get entityTexture for hmag:textures/entity_icon/dogu.png
[01:00:58] [Render thread/WARN] [JMLogger] Can't get entityTexture for hmag:textures/entity_icon/creeper_girl/creeper_girl_0.png
[01:00:58] [Render thread/WARN] [JMLogger] Can't get entityTexture for hmag:textures/entity_icon/dullahan.png
[01:00:58] [Render thread/WARN] [JMLogger] Can't get entityTexture for hmag:textures/entity_icon/hornet.png
[01:00:58] [Render thread/WARN] [JMLogger] Can't get entityTexture for hmag:textures/entity_icon/ghost/ghost_1.png
[01:01:03] [Render thread/WARN] [JMLogger] Can't get entityTexture for farmingforblockheads:textures/entity_icon/merchant.png
[01:01:03] [Render thread/WARN] [JMLogger] Can't get entityTexture for cobblemon:textures/entity_icon/electrike.png
[01:01:03] [Render thread/WARN] [JMLogger] Can't get entityTexture for cobblemon:textures/entity_icon/sentret.png
[01:01:03] [Render thread/WARN] [JMLogger] Can't get entityTexture for cobblemon:textures/entity_icon/poochyena.png
[01:01:03] [Render thread/WARN] [JMLogger] Can't get entityTexture for cobblemon:textures/entity_icon/venipede.png
[01:01:03] [Render thread/WARN] [JMLogger] Can't get entityTexture for cobblemon:textures/entity_icon/hoppip.png
[01:01:03] [Render thread/WARN] [JMLogger] Can't get entityTexture for hmag:textures/entity_icon/ghost/ghost_4.png
[01:01:13] [Render thread/WARN] [JMLogger] Can't get entityTexture for hmag:textures/entity_icon/ghost/ghost_3.png
[01:01:18] [Render thread/WARN] [JMLogger] Can't get entityTexture for cobblemon:textures/entity_icon/morpeko.png
[01:01:20] [Render thread/WARN] [JMLogger] Can't get entityTexture for hmag:textures/entity_icon/banshee/banshee_0.png
[01:01:31] [Render thread/WARN] [JMLogger] Can't get entityTexture for hmag:textures/entity_icon/creeper_girl/creeper_girl_2.png
[01:01:40] [Render thread/WARN] [JMLogger] Can't get entityTexture for cobblemon:textures/entity_icon/flabebe.png
[01:01:40] [Render thread/WARN] [JMLogger] Can't get entityTexture for cobblemon:textures/entity_icon/budew.png
[01:01:44] [Render thread/WARN] [JMLogger] Can't get entityTexture for cobblemon:textures/entity_icon/zigzagoon.png
[01:01:44] [Render thread/WARN] [JMLogger] Can't get entityTexture for hmag:textures/entity_icon/ghost/ghost_2.png
[01:01:55] [Render thread/WARN] [JMLogger] Can't get entityTexture for cobblemon:textures/entity_icon/furfrou.png
[01:02:22] [Render thread/WARN] [JMLogger] Can't get entityTexture for cobblemon:textures/entity_icon/beautifly.png
[01:02:29] [Render thread/WARN] [JMLogger] Can't get entityTexture for hmag:textures/entity_icon/skeleton_girl.png
[01:02:29] [Render thread/WARN] [JMLogger] Can't get entityTexture for hmag:textures/entity_icon/ghost/ghost_1.png
[01:02:29] [Render thread/WARN] [JMLogger] Can't get entityTexture for hmag:textures/entity_icon/ghost/ghost_3.png
[01:02:29] [Render thread/WARN] [JMLogger] Can't get entityTexture for hmag:textures/entity_icon/creeper_girl/creeper_girl_2.png
[01:02:29] [Render thread/WARN] [JMLogger] Can't get entityTexture for hmag:textures/entity_icon/zombie_girl.png
[01:02:33] [Render thread/WARN] [JMLogger] Can't get entityTexture for kingdomkeys:textures/entity_icon/mob/moogle.png
[01:02:33] [Render thread/WARN] [JMLogger] Can't get entityTexture for cobblemon:textures/entity_icon/flabebe.png
[01:02:33] [Render thread/WARN] [JMLogger] Can't get entityTexture for farmingforblockheads:textures/entity_icon/merchant.png
[01:02:33] [Render thread/WARN] [JMLogger] Can't get entityTexture for cobblemon:textures/entity_icon/beautifly.png
[01:02:33] [Render thread/WARN] [JMLogger] Can't get entityTexture for cobblemon:textures/entity_icon/hoppip.png
[01:02:33] [Render thread/WARN] [JMLogger] Can't get entityTexture for cobblemon:textures/entity_icon/electrike.png
[01:02:33] [Render thread/WARN] [JMLogger] Can't get entityTexture for hmag:textures/entity_icon/creeper_girl/creeper_girl_0.png
[01:02:33] [Render thread/WARN] [JMLogger] Can't get entityTexture for hmag:textures/entity_icon/hornet.png
[01:02:33] [Render thread/WARN] [JMLogger] Can't get entityTexture for hmag:textures/entity_icon/creeper_girl/creeper_girl_1.png
[01:02:33] [Render thread/WARN] [JMLogger] Can't get entityTexture for hmag:textures/entity_icon/ghost/ghost_4.png
[01:02:33] [Render thread/WARN] [JMLogger] Can't get entityTexture for hmag:textures/entity_icon/catoblepas.png
[01:02:33] [Render thread/WARN] [JMLogger] Can't get entityTexture for hmag:textures/entity_icon/ghost/ghost_2.png
[01:02:33] [Render thread/WARN] [JMLogger] Can't get entityTexture for hmag:textures/entity_icon/banshee/banshee_0.png
[01:02:39] [Render thread/WARN] [JMLogger] Can't get entityTexture for hmag:textures/entity_icon/dullahan.png
[01:03:06] [Render thread/WARN] [JMLogger] Can't get entityTexture for cobblemon:textures/entity_icon/mareep.png
[01:03:06] [Render thread/WARN] [JMLogger] Can't get entityTexture for hmag:textures/entity_icon/harpy/harpy_3.png
[01:03:31] [Render thread/WARN] [JMLogger] Can't get entityTexture for cobblemon:textures/entity_icon/makuhita.png
[01:03:31] [Render thread/WARN] [JMLogger] Can't get entityTexture for hmag:textures/entity_icon/slime_girl/slime_girl.png
[01:03:44] [Render thread/WARN] [JMLogger] Can't get entityTexture for cobblemon:textures/entity_icon/skitty.png
[01:03:44] [Render thread/WARN] [JMLogger] Can't get entityTexture for cobblemon:textures/entity_icon/venipede.png
[01:03:44] [Render thread/WARN] [JMLogger] Can't get entityTexture for cobblemon:textures/entity_icon/flaaffy.png
[01:03:44] [Render thread/WARN] [JMLogger] Can't get entityTexture for cobblemon:textures/entity_icon/typenull.png
[01:03:44] [Render thread/WARN] [JMLogger] Can't get entityTexture for cobblemon:textures/entity_icon/ledyba.png
[01:03:44] [Render thread/WARN] [JMLogger] Can't get entityTexture for hmag:textures/entity_icon/dogu.png
[01:03:49] [Render thread/WARN] [JMLogger] Can't get entityTexture for cobblemon:textures/entity_icon/spinarak.png
[01:04:09] [Render thread/WARN] [JMLogger] Can't get entityTexture for cobblemon:textures/entity_icon/roselia.png
[01:04:19] [Render thread/WARN] [JMLogger] Can't get entityTexture for cobblemon:textures/entity_icon/skiddo.png
[01:04:25] [Render thread/WARN] [JMLogger] Can't get entityTexture for cobblemon:textures/entity_icon/poochyena.png
[01:04:25] [Render thread/WARN] [JMLogger] Can't get entityTexture for cobblemon:textures/entity_icon/sentret.png
[01:04:39] [Render thread/WARN] [JMLogger] Can't get entityTexture for cobblemon:textures/entity_icon/rookidee.png
[01:04:39] [Render thread/WARN] [JMLogger] Can't get entityTexture for hmag:textures/entity_icon/zombie_girl.png
[01:04:39] [Render thread/WARN] [JMLogger] Can't get entityTexture for hmag:textures/entity_icon/creeper_girl/creeper_girl_0.png
[01:04:39] [Render thread/WARN] [JMLogger] Can't get entityTexture for hmag:textures/entity_icon/creeper_girl/creeper_girl_1.png
[01:04:39] [Render thread/WARN] [JMLogger] Can't get entityTexture for hmag:textures/entity_icon/dullahan.png
[01:04:39] [Render thread/WARN] [JMLogger] Can't get entityTexture for hmag:textures/entity_icon/slime_girl/slime_girl.png
[01:04:39] [Render thread/WARN] [JMLogger] Can't get entityTexture for hmag:textures/entity_icon/ghost/ghost_3.png
[01:04:39] [Render thread/WARN] [JMLogger] Can't get entityTexture for hmag:textures/entity_icon/skeleton_girl.png
[01:04:39] [Render thread/WARN] [JMLogger] Can't get entityTexture for hmag:textures/entity_icon/creeper_girl/creeper_girl_2.png
[01:04:44] [Render thread/WARN] [JMLogger] Can't get entityTexture for kingdomkeys:textures/entity_icon/mob/moogle.png
[01:04:44] [Render thread/WARN] [JMLogger] Can't get entityTexture for farmingforblockheads:textures/entity_icon/merchant.png
[01:04:44] [Render thread/WARN] [JMLogger] Can't get entityTexture for cobblemon:textures/entity_icon/electrike.png
[01:04:44] [Render thread/WARN] [JMLogger] Can't get entityTexture for cobblemon:textures/entity_icon/makuhita.png
[01:04:44] [Render thread/WARN] [JMLogger] Can't get entityTexture for cobblemon:textures/entity_icon/skitty.png
[01:04:44] [Render thread/WARN] [JMLogger] Can't get entityTexture for cobblemon:textures/entity_icon/venipede.png
[01:04:44] [Render thread/WARN] [JMLogger] Can't get entityTexture for cobblemon:textures/entity_icon/typenull.png
[01:04:44] [Render thread/WARN] [JMLogger] Can't get entityTexture for cobblemon:textures/entity_icon/hoppip.png
[01:04:44] [Render thread/WARN] [JMLogger] Can't get entityTexture for cobblemon:textures/entity_icon/spinarak.png
[01:04:44] [Render thread/WARN] [JMLogger] Can't get entityTexture for cobblemon:textures/entity_icon/skiddo.png
[01:04:44] [Render thread/WARN] [JMLogger] Can't get entityTexture for cobblemon:textures/entity_icon/poochyena.png
[01:04:44] [Render thread/WARN] [JMLogger] Can't get entityTexture for cobblemon:textures/entity_icon/sentret.png
[01:04:44] [Render thread/WARN] [JMLogger] Can't get entityTexture for cobblemon:textures/entity_icon/rookidee.png
[01:04:58] [Render thread/WARN] [JMLogger] Can't get entityTexture for cobblemon:textures/entity_icon/ledian.png
[01:04:58] [Render thread/WARN] [JMLogger] Can't get entityTexture for hmag:textures/entity_icon/ghost/ghost_2.png
[01:05:04] [Render thread/WARN] [JMLogger] Can't get entityTexture for hmag:textures/entity_icon/dodomeki.png
[01:05:13] [Render thread/WARN] [JMLogger] Can't get entityTexture for hmag:textures/entity_icon/ghost/ghost_4.png
[01:05:13] [Render thread/WARN] [JMLogger] Can't get entityTexture for hmag:textures/entity_icon/ender_executor/ender_executor.png
[01:05:16] [Render thread/WARN] [JMLogger] Can't get entityTexture for hmag:textures/entity_icon/ghost/ghost_0.png
[01:06:04] [Render thread/WARN] [JMLogger] Can't get entityTexture for cobblemon:textures/entity_icon/rolycoly.png
[01:06:04] [Render thread/WARN] [JMLogger] Can't get entityTexture for cobblemon:textures/entity_icon/patrat.png
[01:06:04] [Render thread/WARN] [JMLogger] Can't get entityTexture for cobblemon:textures/entity_icon/audino.png
[01:06:16] [Render thread/WARN] [JMLogger] Can't get entityTexture for hmag:textures/entity_icon/dogu.png
[01:06:22] [Render thread/WARN] [JMLogger] Can't get entityTexture for hmag:textures/entity_icon/catoblepas.png
[01:06:25] [Render thread/WARN] [JMLogger] Can't get entityTexture for cobblemon:textures/entity_icon/taillow.png
[01:06:28] [Render thread/WARN] [JMLogger] Can't get entityTexture for hmag:textures/entity_icon/ghost/ghost_1.png
[01:06:35] [Render thread/WARN] [JMLogger] Can't get entityTexture for cobblemon:textures/entity_icon/diggersby.png
[01:06:39] [Render thread/WARN] [JMLogger] Can't get entityTexture for hmag:textures/entity_icon/hornet.png
[01:07:11] [Render thread/WARN] [JMLogger] Can't get entityTexture for cobblemon:textures/entity_icon/yungoos.png
[01:07:11] [Render thread/WARN] [JMLogger] Can't get entityTexture for cobblemon:textures/entity_icon/morpeko.png
[01:07:22] [Render thread/WARN] [JMLogger] Can't get entityTexture for hmag:textures/entity_icon/harpy/harpy_3.png
[01:07:22] [Render thread/WARN] [JMLogger] Can't get entityTexture for hmag:textures/entity_icon/banshee/banshee_0.png
[01:07:39] [Render thread/WARN] [JMLogger] Can't get entityTexture for kingdomkeys:textures/entity_icon/mob/moogle.png
[01:07:39] [Render thread/WARN] [JMLogger] Can't get entityTexture for cobblemon:textures/entity_icon/taillow.png
[01:07:39] [Render thread/WARN] [JMLogger] Can't get entityTexture for cobblemon:textures/entity_icon/poochyena.png
[01:07:39] [Render thread/WARN] [JMLogger] Can't get entityTexture for cobblemon:textures/entity_icon/diggersby.png
[01:07:39] [Render thread/WARN] [JMLogger] Can't get entityTexture for cobblemon:textures/entity_icon/yungoos.png
[01:07:39] [Render thread/WARN] [JMLogger] Can't get entityTexture for cobblemon:textures/entity_icon/morpeko.png
[01:07:39] [Render thread/WARN] [JMLogger] Can't get entityTexture for cobblemon:textures/entity_icon/bunnelby.png
[01:07:39] [Render thread/WARN] [JMLogger] Can't get entityTexture for cobblemon:textures/entity_icon/electrike.png
[01:07:39] [Render thread/WARN] [JMLogger] Can't get entityTexture for hmag:textures/entity_icon/dogu.png
[01:07:39] [Render thread/WARN] [JMLogger] Can't get entityTexture for hmag:textures/entity_icon/creeper_girl/creeper_girl_0.png
[01:07:39] [Render thread/WARN] [JMLogger] Can't get entityTexture for hmag:textures/entity_icon/creeper_girl/creeper_girl_2.png
[01:07:39] [Render thread/WARN] [JMLogger] Can't get entityTexture for hmag:textures/entity_icon/zombie_girl.png
[01:07:39] [Render thread/WARN] [JMLogger] Can't get entityTexture for hmag:textures/entity_icon/skeleton_girl.png
[01:07:39] [Render thread/WARN] [JMLogger] Can't get entityTexture for hmag:textures/entity_icon/slime_girl/slime_girl.png
[01:07:39] [Render thread/WARN] [JMLogger] Can't get entityTexture for hmag:textures/entity_icon/creeper_girl/creeper_girl_1.png
[01:07:39] [Render thread/WARN] [JMLogger] Can't get entityTexture for hmag:textures/entity_icon/ghost/ghost_1.png
[01:07:39] [Render thread/WARN] [JMLogger] Can't get entityTexture for hmag:textures/entity_icon/banshee/banshee_0.png
[01:07:43] [Render thread/WARN] [JMLogger] Can't get entityTexture for farmingforblockheads:textures/entity_icon/merchant.png
[01:07:53] [Render thread/WARN] [JMLogger] Can't get entityTexture for cobblemon:textures/entity_icon/manectric.png
[01:07:59] [Render thread/WARN] [JMLogger] Can't get entityTexture for cobblemon:textures/entity_icon/skiddo.png
[01:08:03] [Render thread/WARN] [JMLogger] Can't get entityTexture for hmag:textures/entity_icon/harpy/harpy_4.png
[01:08:11] [Render thread/WARN] [JMLogger] Can't get entityTexture for cobblemon:textures/entity_icon/rookidee.png
[01:08:27] [Render thread/WARN] [JMLogger] Can't get entityTexture for hmag:textures/entity_icon/dodomeki.png
[01:08:36] [Render thread/WARN] [JMLogger] Can't get entityTexture for hmag:textures/entity_icon/dullahan.png
[01:08:46] [Render thread/WARN] [JMLogger] Can't get entityTexture for cobblemon:textures/entity_icon/medicham.png
[01:08:50] [Render thread/WARN] [JMLogger] Can't get entityTexture for cobblemon:textures/entity_icon/ledian.png
[01:08:53] [Render thread/WARN] [JMLogger] Can't get entityTexture for hmag:textures/entity_icon/ghost/ghost_0.png
[01:10:41] [Render thread/WARN] [JMLogger] Can't get entityTexture for cobblemon:textures/entity_icon/ledyba.png
[01:10:41] [Render thread/WARN] [JMLogger] Can't get entityTexture for cobblemon:textures/entity_icon/beautifly.png
[01:10:41] [Render thread/WARN] [JMLogger] Can't get entityTexture for cobblemon:textures/entity_icon/bouffalant.png
[01:10:41] [Render thread/WARN] [JMLogger] Can't get entityTexture for cobblemon:textures/entity_icon/linoone.png
[01:10:41] [Render thread/WARN] [JMLogger] Can't get entityTexture for cobblemon:textures/entity_icon/pidove.png
[01:10:41] [Render thread/WARN] [JMLogger] Can't get entityTexture for cobblemon:textures/entity_icon/mightyena.png
[01:10:41] [Render thread/WARN] [JMLogger] Can't get entityTexture for cobblemon:textures/entity_icon/mareep.png
[01:10:41] [Render thread/WARN] [JMLogger] Can't get entityTexture for cobblemon:textures/entity_icon/wurmple.png
[01:10:41] [Render thread/WARN] [JMLogger] Can't get entityTexture for hmag:textures/entity_icon/harpy/harpy_1.png
[01:11:00] [Render thread/WARN] [JMLogger] Can't get entityTexture for cobblemon:textures/entity_icon/hoppip.png
[01:11:00] [Render thread/WARN] [JMLogger] Can't get entityTexture for hmag:textures/entity_icon/ghost/ghost_4.png
[01:14:11] [Render thread/WARN] [JMLogger] Can't get entityTexture for cobblemon:textures/entity_icon/makuhita.png
[01:14:11] [Render thread/WARN] [JMLogger] Can't get entityTexture for cobblemon:textures/entity_icon/togedemaru.png
[01:14:11] [Render thread/WARN] [JMLogger] Can't get entityTexture for cobblemon:textures/entity_icon/zigzagoon.png
[01:14:11] [Render thread/WARN] [JMLogger] Can't get entityTexture for cobblemon:textures/entity_icon/roggenrola.png
[01:14:11] [Render thread/WARN] [JMLogger] Can't get entityTexture for cobblemon:textures/entity_icon/gossifleur.png
[01:14:11] [Render thread/WARN] [JMLogger] Can't get entityTexture for cobblemon:textures/entity_icon/cascoon.png
[01:14:11] [Render thread/WARN] [JMLogger] Can't get entityTexture for cobblemon:textures/entity_icon/corvisquire.png
[01:14:11] [Render thread/WARN] [JMLogger] Can't get entityTexture for hmag:textures/entity_icon/ghost/ghost_2.png
[01:14:13] [Render thread/INFO] [JourneymapClient] Mapping halted in F:\Minecraft\Curseforge\Instances\1.19.2-FFCM-C-3.0.0-rc10\journeymap\data\mp\Fiction~Friction~Stable_3a4f4041~c74f~4f4f~acd0~3d5960d56e97\minecraft:overworld
[01:14:13] [Render thread/INFO] [MappingMonitorTask] World ID has been reset.
[01:14:13] [Render thread/INFO] [JourneymapClient] World UID is set to: null
